time="2017-03-05T11:13:55+08:00" level=error msg="上行头错误%!v(MISSING)
75" 
time="2017-03-05T11:15:10+08:00" level=error msg="BuildHead%!v(MISSING)
[75 1 0 1 0 12 0 0 0 0 0 0 0 0 0 0 0 0 0 0 0 0 0 0 0 0 0 0 0 0 0 0 0 0 0 0 0 0 0 0 0 0 0 0 0 0 0 0 0 0 0 0 0 0 0 0 0 0 0 0 0 0 0 0 0 0 0 0 0 0 0 0 0 0 0 0 0 0 0 0 0 0 0 0 0 0 0 0 0 0 0 0 0 0 0 0 0 0 0 0 0 0 0 0 0 0 214 234]" 
time="2017-03-05T11:15:10+08:00" level=error msg="上行头错误%!v(MISSING)
75" 
time="2017-03-05T11:16:40+08:00" level=error msg="BuildHead%!v(MISSING)
[75 1 0 1 0 12 0 0 0 0 0 0 0 0 0 0 0 0 0 0 0 0 0 0 0 0 0 0 0 0 0 0 0 0 0 0 0 0 0 0 0 0 0 0 0 0 0 0 0 0 0 0 0 0 0 0 0 0 0 0 0 0 0 0 0 0 0 0 0 0 0 0 0 0 0 0 0 0 0 0 0 0 0 0 0 0 0 0 0 0 0 0 0 0 0 0 0 0 0 0 0 0 0 0 0 0 214 234]" 
time="2017-03-05T11:16:40+08:00" level=error msg="ParseHead.buff%!v(MISSING)
[75 1 0 1 0 12 0 0 0 0 0 0 0 0 0 0 0 0 0 0 0 0 0 0 0 0 0 0 0 0 0 0 0 0 0 0 0 0 0 0 0 0 0 0 0 0 0 0 0 0 0 0 0 0 0 0 0 0 0 0 0 0 0 0 0 0 0 0 0 0 0 0 0 0 0 0 0 0 0 0 0 0 0 0 0 0 0 0 0 0 0 0 0 0 0 0 0 0 0 0 0 0 0 0 0 0 214 234]" 
time="2017-03-05T11:16:40+08:00" level=error msg="上行头错误%!v(MISSING)
75" 
time="2017-03-05T11:25:57+08:00" level=error msg="BuildHead%!v(MISSING)
[75 1 0 1 0 12 0 0 0 0 0 0 0 0 0 0 0 0 0 0 0 0 0 0 0 0 0 0 0 0 0 0 0 0 0 0 0 0 0 0 0 0 0 0 0 0 0 0 0 0 0 0 0 0 0 0 0 0 0 0 0 0 0 0 0 0 0 0 0 0 0 0 0 0 0 0 0 0 0 0 0 0 0 0 0 0 0 0 0 0 0 0 0 0 0 0 0 0 0 0 0 0 0 0 0 0 214 234]" 
time="2017-03-05T11:25:57+08:00" level=error msg="ParseHead.buff%!v(MISSING)
[75 1 0 1 0 12 0 0 0 0 0 0 0 0 0 0 0 0 0 0 0 0 0 0 0 0 0 0 0 0 0 0 0 0 0 0 0 0 0 0 0 0 0 0 0 0 0 0 0 0 0 0 0 0 0 0 0 0 0 0 0 0 0 0 0 0 0 0 0 0 0 0 0 0 0 0 0 0 0 0 0 0 0 0 0 0 0 0 0 0 0 0 0 0 0 0 0 0 0 0 0 0 0 0 0 0 214 234]" 
time="2017-03-05T11:25:57+08:00" level=error msg="上行头错误%!v(MISSING)
1" 
time="2017-03-05T11:27:29+08:00" level=error msg="BuildHead[75 1 0 1 0 12 0 0 0 0 0 0 0 0 0 0 0 0 0 0 0 0 0 0 0 0 0 0 0 0 0 0 0 0 0 0 0 0 0 0 0 0 0 0 0 0 0 0 0 0 0 0 0 0 0 0 0 0 0 0 0 0 0 0 0 0 0 0 0 0 0 0 0 0 0 0 0 0 0 0 0 0 0 0 0 0 0 0 0 0 0 0 0 0 0 0 0 0 0 0 0 0 0 0 0 0 214 234]
" 
time="2017-03-05T11:27:29+08:00" level=error msg="ParseHead.buff[75 1 0 1 0 12 0 0 0 0 0 0 0 0 0 0 0 0 0 0 0 0 0 0 0 0 0 0 0 0 0 0 0 0 0 0 0 0 0 0 0 0 0 0 0 0 0 0 0 0 0 0 0 0 0 0 0 0 0 0 0 0 0 0 0 0 0 0 0 0 0 0 0 0 0 0 0 0 0 0 0 0 0 0 0 0 0 0 0 0 0 0 0 0 0 0 0 0 0 0 0 0 0 0 0 0 214 234]
" 
time="2017-03-05T11:27:29+08:00" level=error msg="上行头错误1
" 
time="2017-03-05T11:28:03+08:00" level=error msg="BuildHead[75 1 0 1 0 12 0 0 0 0 0 0 0 0 0 0 0 0 0 0 0 0 0 0 0 0 0 0 0 0 0 0 0 0 0 0 0 0 0 0 0 0 0 0 0 0 0 0 0 0 0 0 0 0 0 0 0 0 0 0 0 0 0 0 0 0 0 0 0 0 0 0 0 0 0 0 0 0 0 0 0 0 0 0 0 0 0 0 0 0 0 0 0 0 0 0 0 0 0 0 0 0 0 0 0 0 214 234]
" 
time="2017-03-05T11:28:03+08:00" level=error msg="ParseHead.buff[75 1 0 1 0 12 0 0 0 0 0 0 0 0 0 0 0 0 0 0 0 0 0 0 0 0 0 0 0 0 0 0 0 0 0 0 0 0 0 0 0 0 0 0 0 0 0 0 0 0 0 0 0 0 0 0 0 0 0 0 0 0 0 0 0 0 0 0 0 0 0 0 0 0 0 0 0 0 0 0 0 0 0 0 0 0 0 0 0 0 0 0 0 0 0 0 0 0 0 0 0 0 0 0 0 0 214 234]
" 
time="2017-03-05T11:28:03+08:00" level=error msg="上行头错误75
" 
time="2017-03-05T11:32:13+08:00" level=error msg="BuildHead[75 1 0 1 0 12 0 0 0 0 0 0 0 0 0 0 0 0 0 0 0 0 0 0 0 0 0 0 0 0 0 0 0 0 0 0 0 0 0 0 0 0 0 0 0 0 0 0 0 0 0 0 0 0 0 0 0 0 0 0 0 0 0 0 0 0 0 0 0 0 0 0 0 0 0 0 0 0 0 0 0 0 0 0 0 0 0 0 0 0 0 0 0 0 0 0 0 0 0 0 0 0 0 0 0 0 214 234]
" 
time="2017-03-05T11:32:13+08:00" level=error msg="ParseHead.buff[75 1 0 1 0 12 0 0 0 0 0 0 0 0 0 0 0 0 0 0 0 0 0 0 0 0 0 0 0 0 0 0 0 0 0 0 0 0 0 0 0 0 0 0 0 0 0 0 0 0 0 0 0 0 0 0 0 0 0 0 0 0 0 0 0 0 0 0 0 0 0 0 0 0 0 0 0 0 0 0 0 0 0 0 0 0 0 0 0 0 0 0 0 0 0 0 0 0 0 0 0 0 0 0 0 0 214 234]
" 
time="2017-03-05T11:32:13+08:00" level=error msg="上行头错误75
" 
time="2017-03-05T11:32:13+08:00" level=error msg="pl:65548
" 
time="2017-03-05T11:34:53+08:00" level=error msg="BuildHead[75 1 0 1 0 12 0 0 0 0 0 0 0 0 0 0 0 0 0 0 0 0 0 0 0 0 0 0 0 0 0 0 0 0 0 0 0 0 0 0 0 0 0 0 0 0 0 0 0 0 0 0 0 0 0 0 0 0 0 0 0 0 0 0 0 0 0 0 0 0 0 0 0 0 0 0 0 0 0 0 0 0 0 0 0 0 0 0 0 0 0 0 0 0 0 0 0 0 0 0 0 0 0 0 0 0 214 234]
" 
time="2017-03-05T11:34:53+08:00" level=error msg="ParseHead.buff[75 1 0 1 0 12 0 0 0 0 0 0 0 0 0 0 0 0 0 0 0 0 0 0 0 0 0 0 0 0 0 0 0 0 0 0 0 0 0 0 0 0 0 0 0 0 0 0 0 0 0 0 0 0 0 0 0 0 0 0 0 0 0 0 0 0 0 0 0 0 0 0 0 0 0 0 0 0 0 0 0 0 0 0 0 0 0 0 0 0 0 0 0 0 0 0 0 0 0 0 0 0 0 0 0 0 214 234]
" 
time="2017-03-05T11:34:53+08:00" level=error msg="上行头错误75
" 
time="2017-03-05T11:39:17+08:00" level=error msg="BuildHead[75 1 0 1 0 12 0 0 0 0 0 0 0 0 0 0 0 0 0 0 0 0 0 0 0 0 0 0 0 0 0 0 0 0 0 0 0 0 0 0 0 0 0 0 0 0 0 0 0 0 0 0 0 0 0 0 0 0 0 0 0 0 0 0 0 0 0 0 0 0 0 0 0 0 0 0 0 0 0 0 0 0 0 0 0 0 0 0 0 0 0 0 0 0 0 0 0 0 0 0 0 0 0 0 0 0 214 234]
" 
time="2017-03-05T11:39:17+08:00" level=error msg="ParseHead.buff[75 1 0 1 0 12 0 0 0 0 0 0 0 0 0 0 0 0 0 0 0 0 0 0 0 0 0 0 0 0 0 0 0 0 0 0 0 0 0 0 0 0 0 0 0 0 0 0 0 0 0 0 0 0 0 0 0 0 0 0 0 0 0 0 0 0 0 0 0 0 0 0 0 0 0 0 0 0 0 0 0 0 0 0 0 0 0 0 0 0 0 0 0 0 0 0 0 0 0 0 0 0 0 0 0 0 214 234]
" 
time="2017-03-05T11:39:17+08:00" level=error msg="上行头错误75
" 
time="2017-03-05T11:39:17+08:00" level=error msg="pl:65548
" 
time="2017-03-05T11:40:35+08:00" level=error msg="BuildHead[75 1 0 1 0 12 0 0 0 0 0 0 0 0 0 0 0 0 0 0 0 0 0 0 0 0 0 0 0 0 0 0 0 0 0 0 0 0 0 0 0 0 0 0 0 0 0 0 0 0 0 0 0 0 0 0 0 0 0 0 0 0 0 0 0 0 0 0 0 0 0 0 0 0 0 0 0 0 0 0 0 0 0 0 0 0 0 0 0 0 0 0 0 0 0 0 0 0 0 0 0 0 0 0 0 0 214 234]
" 
time="2017-03-05T11:40:35+08:00" level=error msg="ParseHead.buff[75 1 0 1 0 12 0 0 0 0 0 0 0 0 0 0 0 0 0 0 0 0 0 0 0 0 0 0 0 0 0 0 0 0 0 0 0 0 0 0 0 0 0 0 0 0 0 0 0 0 0 0 0 0 0 0 0 0 0 0 0 0 0 0 0 0 0 0 0 0 0 0 0 0 0 0 0 0 0 0 0 0 0 0 0 0 0 0 0 0 0 0 0 0 0 0 0 0 0 0 0 0 0 0 0 0 214 234]
" 
time="2017-03-05T11:40:35+08:00" level=error msg="上行头错误75
" 
time="2017-03-05T11:40:35+08:00" level=error msg="pl:201326848
" 
time="2017-03-05T11:41:41+08:00" level=error msg="BuildHead.pl:132
" 
time="2017-03-05T11:41:41+08:00" level=error msg="BuildHead[75 1 0 1 0 12 0 0 0 0 0 0 0 0 0 0 0 0 0 0 0 0 0 0 0 0 0 0 0 0 0 0 0 0 0 0 0 0 0 0 0 0 0 0 0 0 0 0 0 0 0 0 0 0 0 0 0 0 0 0 0 0 0 0 0 0 0 0 0 0 0 0 0 0 0 0 0 0 0 0 0 0 0 0 0 0 0 0 0 0 0 0 0 0 0 0 0 0 0 0 0 0 0 0 0 0 214 234]
" 
time="2017-03-05T11:41:41+08:00" level=error msg="ParseHead.buff[75 1 0 1 0 12 0 0 0 0 0 0 0 0 0 0 0 0 0 0 0 0 0 0 0 0 0 0 0 0 0 0 0 0 0 0 0 0 0 0 0 0 0 0 0 0 0 0 0 0 0 0 0 0 0 0 0 0 0 0 0 0 0 0 0 0 0 0 0 0 0 0 0 0 0 0 0 0 0 0 0 0 0 0 0 0 0 0 0 0 0 0 0 0 0 0 0 0 0 0 0 0 0 0 0 0 214 234]
" 
time="2017-03-05T11:41:41+08:00" level=error msg="上行头错误75
" 
time="2017-03-05T11:41:41+08:00" level=error msg="pl:65548
" 
time="2017-03-05T11:43:39+08:00" level=error msg="BuildHead.pl:132
" 
time="2017-03-05T11:43:39+08:00" level=error msg="BuildHead[75 1 0 0 0 132 0 1 0 12 0 0 0 0 0 0 0 0 0 0 0 0 0 0 0 0 0 0 0 0 0 0 0 0 0 0 0 0 0 0 0 0 0 0 0 0 0 0 0 0 0 0 0 0 0 0 0 0 0 0 0 0 0 0 0 0 0 0 0 0 0 0 0 0 0 0 0 0 0 0 0 0 0 0 0 0 0 0 0 0 0 0 0 0 0 0 0 0 0 0 0 0 0 0 0 0 0 0 0 0 74 173]
" 
time="2017-03-05T11:43:39+08:00" level=error msg="ParseHead.buff[75 1 0 0 0 132 0 1 0 12 0 0 0 0 0 0 0 0 0 0 0 0 0 0 0 0 0 0 0 0 0 0 0 0 0 0 0 0 0 0 0 0 0 0 0 0 0 0 0 0 0 0 0 0 0 0 0 0 0 0 0 0 0 0 0 0 0 0 0 0 0 0 0 0 0 0 0 0 0 0 0 0 0 0 0 0 0 0 0 0 0 0 0 0 0 0 0 0 0 0 0 0 0 0 0 0 0 0 0 0 74 173]
" 
time="2017-03-05T11:43:39+08:00" level=error msg="上行头错误75
" 
time="2017-03-05T11:43:39+08:00" level=error msg="pl:132
" 
time="2017-03-05T11:44:38+08:00" level=error msg="BuildHead.pl:132
" 
time="2017-03-05T11:44:38+08:00" level=error msg="BuildHead[75 1 0 0 0 132 32 186 87 93 0 1 0 12 0 0 0 0 0 0 0 0 0 0 0 0 0 0 0 0 0 0 0 0 0 0 0 0 0 0 0 0 0 0 0 0 0 0 0 0 0 0 0 0 0 0 0 0 0 0 0 0 0 0 0 0 0 0 0 0 0 0 0 0 0 0 0 0 0 0 0 0 0 0 0 0 0 0 0 0 0 0 0 0 0 0 0 0 0 0 0 0 0 0 0 0 0 0 0 0 0 0 0 0 99 215]
" 
time="2017-03-05T11:44:38+08:00" level=error msg="ParseHead.buff[75 1 0 0 0 132 32 186 87 93 0 1 0 12 0 0 0 0 0 0 0 0 0 0 0 0 0 0 0 0 0 0 0 0 0 0 0 0 0 0 0 0 0 0 0 0 0 0 0 0 0 0 0 0 0 0 0 0 0 0 0 0 0 0 0 0 0 0 0 0 0 0 0 0 0 0 0 0 0 0 0 0 0 0 0 0 0 0 0 0 0 0 0 0 0 0 0 0 0 0 0 0 0 0 0 0 0 0 0 0 0 0 0 0 99 215]
" 
time="2017-03-05T11:44:38+08:00" level=error msg="上行头错误75
" 
time="2017-03-05T11:44:38+08:00" level=error msg="pl:132
" 
time="2017-03-07T21:42:28+08:00" level=error msg="BuildHead.pl:132
" 
time="2017-03-07T21:42:28+08:00" level=error msg="BuildHead[75 1 0 0 0 132 55 161 156 188 0 1 0 12 0 0 0 0 0 0 0 0 0 0 0 0 0 0 0 0 0 0 0 0 0 0 0 0 0 0 0 0 0 0 0 0 0 0 0 0 0 0 0 0 0 0 0 0 0 0 0 0 0 0 0 0 0 0 0 0 0 0 0 0 0 0 0 0 0 0 0 0 0 0 0 0 0 0 0 0 0 0 0 0 0 0 0 0 0 0 0 0 0 0 0 0 0 0 0 0 0 0 0 0 220 192]
" 
time="2017-03-07T21:42:28+08:00" level=error msg="ParseHead.buff[75 1 0 0 0 132 55 161 156 188 0 1 0 12 0 0 0 0 0 0 0 0 0 0 0 0 0 0 0 0 0 0 0 0 0 0 0 0 0 0 0 0 0 0 0 0 0 0 0 0 0 0 0 0 0 0 0 0 0 0 0 0 0 0 0 0 0 0 0 0 0 0 0 0 0 0 0 0 0 0 0 0 0 0 0 0 0 0 0 0 0 0 0 0 0 0 0 0 0 0 0 0 0 0 0 0 0 0 0 0 0 0 0 0 220 192]
" 
time="2017-03-07T21:42:28+08:00" level=error msg="上行头错误75
" 
time="2017-03-07T21:42:28+08:00" level=error msg="pl:132
" 
time="2017-03-07T21:44:37+08:00" level=error msg="BuildHead.pl:132
" 
time="2017-03-07T21:44:37+08:00" level=error msg="BuildHead[75 1 0 0 0 132 3 251 97 247 0 1 0 12 0 0 0 0 0 0 0 0 0 0 0 0 0 0 0 0 0 0 0 0 0 0 0 0 0 0 0 0 0 0 0 0 0 0 0 0 0 0 0 0 0 0 0 0 0 0 0 0 0 0 0 0 0 0 0 0 0 0 0 0 0 0 0 0 0 0 0 0 0 0 0 0 0 0 0 0 0 0 0 0 0 0 0 0 0 0 0 0 0 0 0 0 0 0 0 0 0 0 0 0 186 53]
" 
time="2017-03-07T21:44:37+08:00" level=error msg="ParseHead.buff[75 1 0 0 0 132 3 251 97 247 0 1 0 12 0 0 0 0 0 0 0 0 0 0 0 0 0 0 0 0 0 0 0 0 0 0 0 0 0 0 0 0 0 0 0 0 0 0 0 0 0 0 0 0 0 0 0 0 0 0 0 0 0 0 0 0 0 0 0 0 0 0 0 0 0 0 0 0 0 0 0 0 0 0 0 0 0 0 0 0 0 0 0 0 0 0 0 0 0 0 0 0 0 0 0 0 0 0 0 0 0 0 0 0 186 53]
" 
time="2017-03-07T21:44:37+08:00" level=error msg="上行头错误75
" 
time="2017-03-07T21:44:37+08:00" level=error msg="pl:132
" 
time="2017-03-07T21:46:49+08:00" level=error msg="BuildHead.pl:132
" 
time="2017-03-07T21:46:49+08:00" level=error msg="BuildHead[75 1 0 0 0 132 8 21 45 50 0 1 0 12 0 0 0 0 0 0 0 0 0 0 0 0 0 0 0 0 0 0 0 0 0 0 0 0 0 0 0 0 0 0 0 0 0 0 0 0 0 0 0 0 0 0 0 0 0 0 0 0 0 0 0 0 0 0 0 0 0 0 0 0 0 0 0 0 0 0 0 0 0 0 0 0 0 0 0 0 0 0 0 0 0 0 0 0 0 0 0 0 0 0 0 0 0 0 0 0 0 0 0 0 49 80]
" 
time="2017-03-07T21:46:49+08:00" level=error msg="ParseHead.buff[75 1 0 0 0 132 8 21 45 50 0 1 0 12 0 0 0 0 0 0 0 0 0 0 0 0 0 0 0 0 0 0 0 0 0 0 0 0 0 0 0 0 0 0 0 0 0 0 0 0 0 0 0 0 0 0 0 0 0 0 0 0 0 0 0 0 0 0 0 0 0 0 0 0 0 0 0 0 0 0 0 0 0 0 0 0 0 0 0 0 0 0 0 0 0 0 0 0 0 0 0 0 0 0 0 0 0 0 0 0 0 0 0 0 49 80]
" 
time="2017-03-07T21:46:49+08:00" level=error msg="上行头错误75
" 
time="2017-03-07T21:46:49+08:00" level=error msg="pl:132
" 
time="2017-03-07T21:47:23+08:00" level=error msg="BuildHead.pl:132
" 
time="2017-03-07T21:47:23+08:00" level=error msg="BuildHead[75 1 0 0 0 132 13 137 136 77 0 1 0 12 0 0 0 0 0 0 0 0 0 0 0 0 0 0 0 0 0 0 0 0 0 0 0 0 0 0 0 0 0 0 0 0 0 0 0 0 0 0 0 0 0 0 0 0 0 0 0 0 0 0 0 0 0 0 0 0 0 0 0 0 0 0 0 0 0 0 0 0 0 0 0 0 0 0 0 0 0 0 0 0 0 0 0 0 0 0 0 0 0 0 0 0 0 0 0 0 0 0 0 0 217 11]
" 
time="2017-03-07T21:47:23+08:00" level=error msg="ParseHead.buff[75 1 0 0 0 132 13 137 136 77 0 1 0 12 0 0 0 0 0 0 0 0 0 0 0 0 0 0 0 0 0 0 0 0 0 0 0 0 0 0 0 0 0 0 0 0 0 0 0 0 0 0 0 0 0 0 0 0 0 0 0 0 0 0 0 0 0 0 0 0 0 0 0 0 0 0 0 0 0 0 0 0 0 0 0 0 0 0 0 0 0 0 0 0 0 0 0 0 0 0 0 0 0 0 0 0 0 0 0 0 0 0 0 0 217 11]
" 
time="2017-03-07T21:47:23+08:00" level=error msg="上行头错误75
" 
time="2017-03-07T21:47:23+08:00" level=error msg="pl:132
" 
time="2017-03-07T21:47:52+08:00" level=error msg="BuildHead.pl:132
" 
time="2017-03-07T21:47:52+08:00" level=error msg="BuildHead[75 1 0 0 0 132 10 184 147 43 0 1 0 12 0 0 0 0 0 0 0 0 0 0 0 0 0 0 0 0 0 0 0 0 0 0 0 0 0 0 0 0 0 0 0 0 0 0 0 0 0 0 0 0 0 0 0 0 0 0 0 0 0 0 0 0 0 0 0 0 0 0 0 0 0 0 0 0 0 0 0 0 0 0 0 0 0 0 0 0 0 0 0 0 0 0 0 0 0 0 0 0 0 0 0 0 0 0 0 0 0 0 0 0 225 60]
" 
time="2017-03-07T21:47:52+08:00" level=error msg="ParseHead.buff[75 1 0 0 0 132 10 184 147 43 0 1 0 12 0 0 0 0 0 0 0 0 0 0 0 0 0 0 0 0 0 0 0 0 0 0 0 0 0 0 0 0 0 0 0 0 0 0 0 0 0 0 0 0 0 0 0 0 0 0 0 0 0 0 0 0 0 0 0 0 0 0 0 0 0 0 0 0 0 0 0 0 0 0 0 0 0 0 0 0 0 0 0 0 0 0 0 0 0 0 0 0 0 0 0 0 0 0 0 0 0 0 0 0 225 60]
" 
time="2017-03-07T21:47:52+08:00" level=error msg="上行头错误75
" 
time="2017-03-07T21:47:52+08:00" level=error msg="pl:132
" 
time="2017-03-07T21:48:25+08:00" level=error msg="BuildHead.pl:132
" 
time="2017-03-07T21:48:25+08:00" level=error msg="BuildHead[75 1 0 0 0 132 42 155 235 119 0 1 0 12 0 0 0 0 0 0 0 0 0 0 0 0 0 0 0 0 0 0 0 0 0 0 0 0 0 0 0 0 0 0 0 0 0 0 0 0 0 0 0 0 0 0 0 0 0 0 0 0 0 0 0 0 0 0 0 0 0 0 0 0 0 0 0 0 0 0 0 0 0 0 0 0 0 0 0 0 0 0 0 0 0 0 0 0 0 0 0 0 0 0 0 0 0 0 0 0 0 0 0 0 36 96]
" 
time="2017-03-07T21:48:25+08:00" level=error msg="ParseHead.buff[75 1 0 0 0 132 42 155 235 119 0 1 0 12 0 0 0 0 0 0 0 0 0 0 0 0 0 0 0 0 0 0 0 0 0 0 0 0 0 0 0 0 0 0 0 0 0 0 0 0 0 0 0 0 0 0 0 0 0 0 0 0 0 0 0 0 0 0 0 0 0 0 0 0 0 0 0 0 0 0 0 0 0 0 0 0 0 0 0 0 0 0 0 0 0 0 0 0 0 0 0 0 0 0 0 0 0 0 0 0 0 0 0 0 36 96]
" 
time="2017-03-07T21:48:25+08:00" level=error msg="上行头错误75
" 
time="2017-03-07T21:48:25+08:00" level=error msg="pl:132
" 
time="2017-03-07T22:31:38+08:00" level=error msg="BuildHead.pl:132
" 
time="2017-03-07T22:31:38+08:00" level=error msg="BuildHead[75 1 0 0 0 132 46 10 115 200 0 1 37 33 100 40 115 116 114 105 110 103 61 48 48 48 48 48 48 48 48 48 48 48 49 50 51 52 53 41 0 12 0 0 0 0 0 0 0 0 0 0 0 0 0 0 0 0 0 0 0 0 0 0 0 0 0 0 0 0 0 0 0 0 0 0 0 0 0 0 0 0 0 0 0 0 0 0 0 0 0 0 0 0 0 0 0 0 0 0 0 0 0 0 0 0 0 0 0 0 0 0 0 0 0 0 0 0 0 0 0 0 0 0 0 0 0 0 0 0 0 0 0 0 0 0 0 0 0 0 0 0 112 1]
" 
time="2017-03-07T22:31:38+08:00" level=error msg="ParseHead.buff[75 1 0 0 0 132 46 10 115 200 0 1 37 33 100 40 115 116 114 105 110 103 61 48 48 48 48 48 48 48 48 48 48 48 49 50 51 52 53 41 0 12 0 0 0 0 0 0 0 0 0 0 0 0 0 0 0 0 0 0 0 0 0 0 0 0 0 0 0 0 0 0 0 0 0 0 0 0 0 0 0 0 0 0 0 0 0 0 0 0 0 0 0 0 0 0 0 0 0 0 0 0 0 0 0 0 0 0 0 0 0 0 0 0 0 0 0 0 0 0 0 0 0 0 0 0 0 0 0 0 0 0 0 0 0 0 0 0 0 0 0 0 112 1]
" 
time="2017-03-07T22:31:38+08:00" level=error msg="上行头错误75
" 
time="2017-03-07T22:31:38+08:00" level=error msg="pl:132
" 
time="2017-03-07T22:33:01+08:00" level=error msg="BuildHead.pl:132
" 
time="2017-03-07T22:33:01+08:00" level=error msg="BuildHead[75 1 0 0 0 132 31 136 184 115 0 1 37 33 100 40 115 116 114 105 110 103 61 48 48 48 48 48 48 48 48 48 48 48 49 50 51 52 53 41 0 12 0 0 0 0 0 0 0 0 0 0 0 0 0 0 0 0 0 0 0 0 0 0 0 0 0 0 0 0 0 0 0 0 0 0 0 0 0 0 0 0 0 0 0 0 0 0 0 0 0 0 0 0 0 0 0 0 0 0 0 0 0 0 0 0 0 0 0 0 0 0 0 0 0 0 0 0 0 0 0 0 0 0 0 0 0 0 0 0 0 0 0 0 0 0 0 0 0 0 0 0 71 187]
" 
time="2017-03-07T22:33:01+08:00" level=error msg="ParseHead.buff[75 1 0 0 0 132 31 136 184 115 0 1 37 33 100 40 115 116 114 105 110 103 61 48 48 48 48 48 48 48 48 48 48 48 49 50 51 52 53 41 0 12 0 0 0 0 0 0 0 0 0 0 0 0 0 0 0 0 0 0 0 0 0 0 0 0 0 0 0 0 0 0 0 0 0 0 0 0 0 0 0 0 0 0 0 0 0 0 0 0 0 0 0 0 0 0 0 0 0 0 0 0 0 0 0 0 0 0 0 0 0 0 0 0 0 0 0 0 0 0 0 0 0 0 0 0 0 0 0 0 0 0 0 0 0 0 0 0 0 0 0 0 71 187]
" 
time="2017-03-07T22:33:01+08:00" level=error msg="上行头错误75
" 
time="2017-03-07T22:33:01+08:00" level=error msg="pl:132
" 
time="2017-03-07T22:33:42+08:00" level=error msg="BuildHead.pl:132
" 
time="2017-03-07T22:33:42+08:00" level=error msg="BuildHead[75 1 0 0 0 132 52 31 69 210 0 1 37 33 100 40 115 116 114 105 110 103 61 48 48 48 48 48 48 48 48 48 48 48 49 50 51 52 53 41 0 12 0 0 0 0 0 0 0 0 0 0 0 0 0 0 0 0 0 0 0 0 0 0 0 0 0 0 0 0 0 0 0 0 0 0 0 0 0 0 0 0 0 0 0 0 0 0 0 0 0 0 0 0 0 0 0 0 0 0 0 0 0 0 0 0 0 0 0 0 0 0 0 0 0 0 0 0 0 0 0 0 0 0 0 0 0 0 0 0 0 0 0 0 0 0 0 0 0 0 0 0 207 133]
" 
time="2017-03-07T22:33:42+08:00" level=error msg="ParseHead.buff[75 1 0 0 0 132 52 31 69 210 0 1 37 33 100 40 115 116 114 105 110 103 61 48 48 48 48 48 48 48 48 48 48 48 49 50 51 52 53 41 0 12 0 0 0 0 0 0 0 0 0 0 0 0 0 0 0 0 0 0 0 0 0 0 0 0 0 0 0 0 0 0 0 0 0 0 0 0 0 0 0 0 0 0 0 0 0 0 0 0 0 0 0 0 0 0 0 0 0 0 0 0 0 0 0 0 0 0 0 0 0 0 0 0 0 0 0 0 0 0 0 0 0 0 0 0 0 0 0 0 0 0 0 0 0 0 0 0 0 0 0 0 207 133]
" 
time="2017-03-07T22:33:42+08:00" level=error msg="上行头错误75
" 
time="2017-03-07T22:33:42+08:00" level=error msg="pl:132
" 
time="2017-03-07T22:47:29+08:00" level=error msg="BuildHead.pl:132
" 
time="2017-03-07T22:47:29+08:00" level=error msg="BuildHead[75 1 0 0 0 132 37 186 153 219 0 1 37 33 100 40 115 116 114 105 110 103 61 48 48 48 48 48 48 48 48 48 48 48 49 50 51 52 53 41 0 12 0 0 0 0 0 0 0 0 0 0 0 0 0 0 0 0 0 0 0 0 0 0 0 0 0 0 0 0 0 0 0 0 0 0 0 0 0 0 0 0 0 0 0 0 0 0 0 0 0 0 0 0 0 0 0 0 0 0 0 0 0 0 0 0 0 0 0 0 0 0 0 0 0 0 0 0 0 0 0 0 0 0 0 0 0 0 0 0 0 0 0 0 0 0 0 0 0 0 0 0 205 122]
" 
time="2017-03-07T22:47:29+08:00" level=error msg="ParseHead.buff[75 1 0 0 0 132 37 186 153 219 0 1 37 33 100 40 115 116 114 105 110 103 61 48 48 48 48 48 48 48 48 48 48 48 49 50 51 52 53 41 0 12 0 0 0 0 0 0 0 0 0 0 0 0 0 0 0 0 0 0 0 0 0 0 0 0 0 0 0 0 0 0 0 0 0 0 0 0 0 0 0 0 0 0 0 0 0 0 0 0 0 0 0 0 0 0 0 0 0 0 0 0 0 0 0 0 0 0 0 0 0 0 0 0 0 0 0 0 0 0 0 0 0 0 0 0 0 0 0 0 0 0 0 0 0 0 0 0 0 0 0 0 205 122]
" 
time="2017-03-07T22:47:29+08:00" level=error msg="上行头错误75
" 
time="2017-03-07T22:47:29+08:00" level=error msg="pl:132
" 
time="2017-03-07T22:49:34+08:00" level=error msg="BuildHead.pl:132
" 
time="2017-03-07T22:49:34+08:00" level=error msg="BuildHead[75 1 0 0 0 132 57 169 13 120 0 1 48 48 48 48 48 48 48 48 48 48 48 49 50 51 52 53 0 12 0 0 0 0 0 0 0 0 0 0 0 0 0 0 0 0 0 0 0 0 0 0 0 0 0 0 0 0 0 0 0 0 0 0 0 0 0 0 0 0 0 0 0 0 0 0 0 0 0 0 0 0 0 0 0 0 0 0 0 0 0 0 0 0 0 0 0 0 0 0 0 0 0 0 0 0 0 0 0 0 0 0 0 0 0 0 0 0 0 0 0 0 0 0 0 0 0 0 0 0 131 73]
" 
time="2017-03-07T22:49:34+08:00" level=error msg="ParseHead.buff[75 1 0 0 0 132 57 169 13 120 0 1 48 48 48 48 48 48 48 48 48 48 48 49 50 51 52 53 0 12 0 0 0 0 0 0 0 0 0 0 0 0 0 0 0 0 0 0 0 0 0 0 0 0 0 0 0 0 0 0 0 0 0 0 0 0 0 0 0 0 0 0 0 0 0 0 0 0 0 0 0 0 0 0 0 0 0 0 0 0 0 0 0 0 0 0 0 0 0 0 0 0 0 0 0 0 0 0 0 0 0 0 0 0 0 0 0 0 0 0 0 0 0 0 0 0 0 0 0 0 131 73]
" 
time="2017-03-07T22:49:34+08:00" level=error msg="上行头错误75
" 
time="2017-03-07T22:49:34+08:00" level=error msg="pl:132
" 
time="2017-03-07T22:53:00+08:00" level=error msg="BuildHead.pl:132
" 
time="2017-03-07T22:53:00+08:00" level=error msg="BuildHead[75 1 0 0 0 132 43 165 27 133 0 1 48 48 48 48 48 48 48 48 48 48 48 49 50 51 52 53 0 12 0 0 0 0 0 0 0 0 0 0 0 0 0 0 0 0 0 0 0 0 0 0 0 0 0 0 0 0 0 0 0 0 0 0 0 0 0 0 0 0 0 0 0 0 0 0 0 0 0 0 0 0 0 0 0 0 0 0 0 0 0 0 0 0 0 0 0 0 0 0 0 0 0 0 0 0 0 0 0 0 0 0 0 0 0 0 0 0 0 0 0 0 0 0 0 0 0 0 0 0 243 255]
" 
time="2017-03-07T22:53:00+08:00" level=error msg="ParseHead.buff[75 1 0 0 0 132 43 165 27 133 0 1 48 48 48 48 48 48 48 48 48 48 48 49 50 51 52 53 0 12 0 0 0 0 0 0 0 0 0 0 0 0 0 0 0 0 0 0 0 0 0 0 0 0 0 0 0 0 0 0 0 0 0 0 0 0 0 0 0 0 0 0 0 0 0 0 0 0 0 0 0 0 0 0 0 0 0 0 0 0 0 0 0 0 0 0 0 0 0 0 0 0 0 0 0 0 0 0 0 0 0 0 0 0 0 0 0 0 0 0 0 0 0 0 0 0 0 0 0 0 243 255]
" 
time="2017-03-07T22:53:00+08:00" level=error msg="上行头错误75
" 
time="2017-03-07T22:53:00+08:00" level=error msg="pl:132
" 
